<?xml version="1.0" encoding="UTF-8"?>
<testsuite name="test.pivotal.pal.trackerapi.WelcomeApiTest" tests="1" skipped="0" failures="0" errors="0" timestamp="2021-05-20T14:43:22" hostname="ip-172-31-90-195" time="0.011">
  <properties/>
  <testcase name="exampleTest()" classname="test.pivotal.pal.trackerapi.WelcomeApiTest" time="0.011"/>
  <system-out><![CDATA[2021-05-20 14:43:22.269  INFO 611658 --- [    Test worker] .b.t.c.SpringBootTestContextBootstrapper : Neither @ContextConfiguration nor @ContextHierarchy found for test class [test.pivotal.pal.trackerapi.WelcomeApiTest], using SpringBootContextLoader
2021-05-20 14:43:22.270  INFO 611658 --- [    Test worker] o.s.t.c.support.AbstractContextLoader    : Could not detect default resource locations for test class [test.pivotal.pal.trackerapi.WelcomeApiTest]: no resource found for suffixes {-context.xml, Context.groovy}.
2021-05-20 14:43:22.274  INFO 611658 --- [    Test worker] .b.t.c.SpringBootTestContextBootstrapper : Loaded default TestExecutionListener class names from location [META-INF/spring.factories]: [org.springframework.boot.test.autoconfigure.restdocs.RestDocsTestExecutionListener, org.springframework.boot.test.autoconfigure.web.client.MockRestServiceServerResetTestExecutionListener, org.springframework.boot.test.autoconfigure.web.servlet.MockMvcPrintOnlyOnFailureTestExecutionListener, org.springframework.boot.test.autoconfigure.web.servlet.WebDriverTestExecutionListener, org.springframework.boot.test.autoconfigure.webservices.client.MockWebServiceServerTestExecutionListener, org.springframework.boot.test.mock.mockito.MockitoTestExecutionListener, org.springframework.boot.test.mock.mockito.ResetMocksTestExecutionListener, org.springframework.test.context.web.ServletTestExecutionListener, org.springframework.test.context.support.DirtiesContextBeforeModesTestExecutionListener, org.springframework.test.context.support.DependencyInjectionTestExecutionListener, org.springframework.test.context.support.DirtiesContextTestExecutionListener, org.springframework.test.context.transaction.TransactionalTestExecutionListener, org.springframework.test.context.jdbc.SqlScriptsTestExecutionListener, org.springframework.test.context.event.EventPublishingTestExecutionListener]
2021-05-20 14:43:22.274  INFO 611658 --- [    Test worker] .b.t.c.SpringBootTestContextBootstrapper : Using TestExecutionListeners: [org.springframework.test.context.web.ServletTestExecutionListener@ddafdcc, org.springframework.test.context.support.DirtiesContextBeforeModesTestExecutionListener@b1f0274, org.springframework.boot.test.mock.mockito.MockitoTestExecutionListener@4c7bd43f, org.springframework.boot.test.autoconfigure.SpringBootDependencyInjectionTestExecutionListener@6f6ac29b, org.springframework.test.context.support.DirtiesContextTestExecutionListener@35047627, org.springframework.test.context.transaction.TransactionalTestExecutionListener@46fbce51, org.springframework.test.context.jdbc.SqlScriptsTestExecutionListener@54b3309d, org.springframework.test.context.event.EventPublishingTestExecutionListener@6d744e8a, org.springframework.boot.test.autoconfigure.restdocs.RestDocsTestExecutionListener@7b57b84d, org.springframework.boot.test.autoconfigure.web.client.MockRestServiceServerResetTestExecutionListener@63466830, org.springframework.boot.test.autoconfigure.web.servlet.MockMvcPrintOnlyOnFailureTestExecutionListener@2e3c8b1d, org.springframework.boot.test.autoconfigure.web.servlet.WebDriverTestExecutionListener@61f3904e, org.springframework.boot.test.autoconfigure.webservices.client.MockWebServiceServerTestExecutionListener@2720c9ed, org.springframework.boot.test.mock.mockito.ResetMocksTestExecutionListener@777732d1]
]]></system-out>
  <system-err><![CDATA[]]></system-err>
</testsuite>
