<?xml version="1.0" encoding="UTF-8"?>
<testsuite name="test.pivotal.pal.trackerapi.TimeEntryApiTest" tests="5" skipped="0" failures="0" errors="0" timestamp="2021-05-20T14:43:21" hostname="ip-172-31-90-195" time="0.565">
  <properties/>
  <testcase name="testList()" classname="test.pivotal.pal.trackerapi.TimeEntryApiTest" time="0.385"/>
  <testcase name="testRead()" classname="test.pivotal.pal.trackerapi.TimeEntryApiTest" time="0.044"/>
  <testcase name="testCreate()" classname="test.pivotal.pal.trackerapi.TimeEntryApiTest" time="0.037"/>
  <testcase name="testDelete()" classname="test.pivotal.pal.trackerapi.TimeEntryApiTest" time="0.051"/>
  <testcase name="testUpdate()" classname="test.pivotal.pal.trackerapi.TimeEntryApiTest" time="0.041"/>
  <system-out><![CDATA[14:43:18.912 [Test worker] DEBUG org.springframework.test.context.BootstrapUtils - Instantiating CacheAwareContextLoaderDelegate from class [org.springframework.test.context.cache.DefaultCacheAwareContextLoaderDelegate]
14:43:18.921 [Test worker] DEBUG org.springframework.test.context.BootstrapUtils - Instantiating BootstrapContext using constructor [public org.springframework.test.context.support.DefaultBootstrapContext(java.lang.Class,org.springframework.test.context.CacheAwareContextLoaderDelegate)]
14:43:18.957 [Test worker] DEBUG org.springframework.test.context.BootstrapUtils - Instantiating TestContextBootstrapper for test class [test.pivotal.pal.trackerapi.TimeEntryApiTest] from class [org.springframework.boot.test.context.SpringBootTestContextBootstrapper]
14:43:18.967 [Test worker] INFO org.springframework.boot.test.context.SpringBootTestContextBootstrapper - Neither @ContextConfiguration nor @ContextHierarchy found for test class [test.pivotal.pal.trackerapi.TimeEntryApiTest], using SpringBootContextLoader
14:43:18.970 [Test worker] DEBUG org.springframework.test.context.support.AbstractContextLoader - Did not detect default resource location for test class [test.pivotal.pal.trackerapi.TimeEntryApiTest]: class path resource [test/pivotal/pal/trackerapi/TimeEntryApiTest-context.xml] does not exist
14:43:18.971 [Test worker] DEBUG org.springframework.test.context.support.AbstractContextLoader - Did not detect default resource location for test class [test.pivotal.pal.trackerapi.TimeEntryApiTest]: class path resource [test/pivotal/pal/trackerapi/TimeEntryApiTestContext.groovy] does not exist
14:43:18.971 [Test worker] INFO org.springframework.test.context.support.AbstractContextLoader - Could not detect default resource locations for test class [test.pivotal.pal.trackerapi.TimeEntryApiTest]: no resource found for suffixes {-context.xml, Context.groovy}.
14:43:19.050 [Test worker] DEBUG org.springframework.test.context.support.ActiveProfilesUtils - Could not find an 'annotation declaring class' for annotation type [org.springframework.test.context.ActiveProfiles] and class [test.pivotal.pal.trackerapi.TimeEntryApiTest]
14:43:19.161 [Test worker] DEBUG org.springframework.boot.test.context.SpringBootTestContextBootstrapper - @TestExecutionListeners is not present for class [test.pivotal.pal.trackerapi.TimeEntryApiTest]: using defaults.
14:43:19.162 [Test worker] INFO org.springframework.boot.test.context.SpringBootTestContextBootstrapper - Loaded default TestExecutionListener class names from location [META-INF/spring.factories]: [org.springframework.boot.test.autoconfigure.restdocs.RestDocsTestExecutionListener, org.springframework.boot.test.autoconfigure.web.client.MockRestServiceServerResetTestExecutionListener, org.springframework.boot.test.autoconfigure.web.servlet.MockMvcPrintOnlyOnFailureTestExecutionListener, org.springframework.boot.test.autoconfigure.web.servlet.WebDriverTestExecutionListener, org.springframework.boot.test.autoconfigure.webservices.client.MockWebServiceServerTestExecutionListener, org.springframework.boot.test.mock.mockito.MockitoTestExecutionListener, org.springframework.boot.test.mock.mockito.ResetMocksTestExecutionListener, org.springframework.test.context.web.ServletTestExecutionListener, org.springframework.test.context.support.DirtiesContextBeforeModesTestExecutionListener, org.springframework.test.context.support.DependencyInjectionTestExecutionListener, org.springframework.test.context.support.DirtiesContextTestExecutionListener, org.springframework.test.context.transaction.TransactionalTestExecutionListener, org.springframework.test.context.jdbc.SqlScriptsTestExecutionListener, org.springframework.test.context.event.EventPublishingTestExecutionListener]
14:43:19.176 [Test worker] INFO org.springframework.boot.test.context.SpringBootTestContextBootstrapper - Using TestExecutionListeners: [org.springframework.test.context.web.ServletTestExecutionListener@2eb4809b, org.springframework.test.context.support.DirtiesContextBeforeModesTestExecutionListener@4c93425c, org.springframework.boot.test.mock.mockito.MockitoTestExecutionListener@cb513e6, org.springframework.boot.test.autoconfigure.SpringBootDependencyInjectionTestExecutionListener@65528686, org.springframework.test.context.support.DirtiesContextTestExecutionListener@6f6862ef, org.springframework.test.context.transaction.TransactionalTestExecutionListener@393f5cfc, org.springframework.test.context.jdbc.SqlScriptsTestExecutionListener@1d31521e, org.springframework.test.context.event.EventPublishingTestExecutionListener@6ca68188, org.springframework.boot.test.autoconfigure.restdocs.RestDocsTestExecutionListener@4075f9e9, org.springframework.boot.test.autoconfigure.web.client.MockRestServiceServerResetTestExecutionListener@36e95a7, org.springframework.boot.test.autoconfigure.web.servlet.MockMvcPrintOnlyOnFailureTestExecutionListener@14588676, org.springframework.boot.test.autoconfigure.web.servlet.WebDriverTestExecutionListener@4c2aefb4, org.springframework.boot.test.autoconfigure.webservices.client.MockWebServiceServerTestExecutionListener@237ffd69, org.springframework.boot.test.mock.mockito.ResetMocksTestExecutionListener@544b970c]
14:43:19.180 [Test worker] DEBUG org.springframework.test.context.support.AbstractDirtiesContextTestExecutionListener - Before test class: context [DefaultTestContext@1a8b96e5 testClass = TimeEntryApiTest, testInstance = [null], testMethod = [null], testException = [null], mergedContextConfiguration = [WebMergedContextConfiguration@1e916404 testClass = TimeEntryApiTest, locations = '{}', classes = '{class io.pivotal.pal.tracker.PalTrackerApplication, class io.pivotal.pal.tracker.PalTrackerApplication}', contextInitializerClasses = '[]', activeProfiles = '{}', propertySourceLocations = '{}', propertySourceProperties = '{org.springframework.boot.test.context.SpringBootTestContextBootstrapper=true, server.port=0}', contextCustomizers = set[org.springframework.boot.test.autoconfigure.actuate.metrics.MetricsExportContextCustomizerFactory$DisableMetricExportContextCustomizer@6be91cbb, org.springframework.boot.test.autoconfigure.properties.PropertyMappingContextCustomizer@0, org.springframework.boot.test.autoconfigure.web.servlet.WebDriverContextCustomizerFactory$Customizer@28f9fe09, org.springframework.boot.test.context.filter.ExcludeFilterContextCustomizer@4b3aa545, org.springframework.boot.test.json.DuplicateJsonObjectContextCustomizerFactory$DuplicateJsonObjectContextCustomizer@598058dd, org.springframework.boot.test.mock.mockito.MockitoContextCustomizer@0, org.springframework.boot.test.web.client.TestRestTemplateContextCustomizer@37c8ccc0, org.springframework.boot.test.web.reactive.server.WebTestClientContextCustomizer@baa5c0d, org.springframework.boot.test.context.SpringBootTestArgs@1, org.springframework.boot.test.context.SpringBootTestWebEnvironment@e2a8536], resourceBasePath = 'src/main/webapp', contextLoader = 'org.springframework.boot.test.context.SpringBootContextLoader', parent = [null]], attributes = map['org.springframework.test.context.web.ServletTestExecutionListener.activateListener' -> false]], class annotated with @DirtiesContext [false] with mode [null].
14:43:19.185 [Test worker] DEBUG org.springframework.test.context.support.DependencyInjectionTestExecutionListener - Performing dependency injection for test context [[DefaultTestContext@1a8b96e5 testClass = TimeEntryApiTest, testInstance = test.pivotal.pal.trackerapi.TimeEntryApiTest@3513a84a, testMethod = [null], testException = [null], mergedContextConfiguration = [WebMergedContextConfiguration@1e916404 testClass = TimeEntryApiTest, locations = '{}', classes = '{class io.pivotal.pal.tracker.PalTrackerApplication, class io.pivotal.pal.tracker.PalTrackerApplication}', contextInitializerClasses = '[]', activeProfiles = '{}', propertySourceLocations = '{}', propertySourceProperties = '{org.springframework.boot.test.context.SpringBootTestContextBootstrapper=true, server.port=0}', contextCustomizers = set[org.springframework.boot.test.autoconfigure.actuate.metrics.MetricsExportContextCustomizerFactory$DisableMetricExportContextCustomizer@6be91cbb, org.springframework.boot.test.autoconfigure.properties.PropertyMappingContextCustomizer@0, org.springframework.boot.test.autoconfigure.web.servlet.WebDriverContextCustomizerFactory$Customizer@28f9fe09, org.springframework.boot.test.context.filter.ExcludeFilterContextCustomizer@4b3aa545, org.springframework.boot.test.json.DuplicateJsonObjectContextCustomizerFactory$DuplicateJsonObjectContextCustomizer@598058dd, org.springframework.boot.test.mock.mockito.MockitoContextCustomizer@0, org.springframework.boot.test.web.client.TestRestTemplateContextCustomizer@37c8ccc0, org.springframework.boot.test.web.reactive.server.WebTestClientContextCustomizer@baa5c0d, org.springframework.boot.test.context.SpringBootTestArgs@1, org.springframework.boot.test.context.SpringBootTestWebEnvironment@e2a8536], resourceBasePath = 'src/main/webapp', contextLoader = 'org.springframework.boot.test.context.SpringBootContextLoader', parent = [null]], attributes = map['org.springframework.test.context.web.ServletTestExecutionListener.activateListener' -> false]]].
14:43:19.210 [Test worker] DEBUG org.springframework.test.context.support.TestPropertySourceUtils - Adding inlined properties to environment: {spring.jmx.enabled=false, org.springframework.boot.test.context.SpringBootTestContextBootstrapper=true, server.port=0}

  .   ____          _            __ _ _
 /\\ / ___'_ __ _ _(_)_ __  __ _ \ \ \ \
( ( )\___ | '_ | '_| | '_ \/ _` | \ \ \ \
 \\/  ___)| |_)| | | | | || (_| |  ) ) ) )
  '  |____| .__|_| |_|_| |_\__, | / / / /
 =========|_|==============|___/=/_/_/_/
 :: Spring Boot ::                (v2.4.0)

2021-05-20 14:43:19.552  INFO 611658 --- [    Test worker] t.p.pal.trackerapi.TimeEntryApiTest      : Starting TimeEntryApiTest using Java 11.0.11 on ip-172-31-90-195 with PID 611658 (started by ubuntu in /home/ubuntu/workspace/pal-tracker)
2021-05-20 14:43:19.558  INFO 611658 --- [    Test worker] t.p.pal.trackerapi.TimeEntryApiTest      : No active profile set, falling back to default profiles: default
2021-05-20 14:43:20.805  INFO 611658 --- [    Test worker] o.s.b.w.embedded.tomcat.TomcatWebServer  : Tomcat initialized with port(s): 0 (http)
2021-05-20 14:43:20.818  INFO 611658 --- [    Test worker] o.apache.catalina.core.StandardService   : Starting service [Tomcat]
2021-05-20 14:43:20.818  INFO 611658 --- [    Test worker] org.apache.catalina.core.StandardEngine  : Starting Servlet engine: [Apache Tomcat/9.0.39]
2021-05-20 14:43:20.904  INFO 611658 --- [    Test worker] o.a.c.c.C.[Tomcat].[localhost].[/]       : Initializing Spring embedded WebApplicationContext
2021-05-20 14:43:20.905  INFO 611658 --- [    Test worker] w.s.c.ServletWebServerApplicationContext : Root WebApplicationContext: initialization completed in 1320 ms
2021-05-20 14:43:21.294  INFO 611658 --- [    Test worker] o.s.s.concurrent.ThreadPoolTaskExecutor  : Initializing ExecutorService 'applicationTaskExecutor'
2021-05-20 14:43:21.673  INFO 611658 --- [    Test worker] o.s.b.w.embedded.tomcat.TomcatWebServer  : Tomcat started on port(s): 37491 (http) with context path ''
2021-05-20 14:43:21.689  INFO 611658 --- [    Test worker] t.p.pal.trackerapi.TimeEntryApiTest      : Started TimeEntryApiTest in 2.476 seconds (JVM running for 4.631)
2021-05-20 14:43:21.919  INFO 611658 --- [o-auto-1-exec-1] o.a.c.c.C.[Tomcat].[localhost].[/]       : Initializing Spring DispatcherServlet 'dispatcherServlet'
2021-05-20 14:43:21.920  INFO 611658 --- [o-auto-1-exec-1] o.s.web.servlet.DispatcherServlet        : Initializing Servlet 'dispatcherServlet'
2021-05-20 14:43:21.922  INFO 611658 --- [o-auto-1-exec-1] o.s.web.servlet.DispatcherServlet        : Completed initialization in 1 ms
2021-05-20 14:43:21.966  INFO 611658 --- [o-auto-1-exec-1] com.zaxxer.hikari.HikariDataSource       : HikariPool-1 - Starting...
2021-05-20 14:43:21.988  INFO 611658 --- [o-auto-1-exec-1] com.zaxxer.hikari.HikariDataSource       : HikariPool-1 - Start completed.
]]></system-out>
  <system-err><![CDATA[]]></system-err>
</testsuite>
