<?xml version="1.0" encoding="UTF-8"?>
<testsuite name="test.pivotal.pal.trackerapi.WelcomeApiTest" tests="1" skipped="0" failures="0" errors="0" timestamp="2021-05-19T16:23:30" hostname="ip-172-31-90-195" time="0.013">
  <properties/>
  <testcase name="exampleTest()" classname="test.pivotal.pal.trackerapi.WelcomeApiTest" time="0.013"/>
  <system-out><![CDATA[2021-05-19 16:23:30.324  INFO 526575 --- [    Test worker] .b.t.c.SpringBootTestContextBootstrapper : Neither @ContextConfiguration nor @ContextHierarchy found for test class [test.pivotal.pal.trackerapi.WelcomeApiTest], using SpringBootContextLoader
2021-05-19 16:23:30.325  INFO 526575 --- [    Test worker] o.s.t.c.support.AbstractContextLoader    : Could not detect default resource locations for test class [test.pivotal.pal.trackerapi.WelcomeApiTest]: no resource found for suffixes {-context.xml, Context.groovy}.
2021-05-19 16:23:30.329  INFO 526575 --- [    Test worker] .b.t.c.SpringBootTestContextBootstrapper : Loaded default TestExecutionListener class names from location [META-INF/spring.factories]: [org.springframework.boot.test.autoconfigure.restdocs.RestDocsTestExecutionListener, org.springframework.boot.test.autoconfigure.web.client.MockRestServiceServerResetTestExecutionListener, org.springframework.boot.test.autoconfigure.web.servlet.MockMvcPrintOnlyOnFailureTestExecutionListener, org.springframework.boot.test.autoconfigure.web.servlet.WebDriverTestExecutionListener, org.springframework.boot.test.autoconfigure.webservices.client.MockWebServiceServerTestExecutionListener, org.springframework.boot.test.mock.mockito.MockitoTestExecutionListener, org.springframework.boot.test.mock.mockito.ResetMocksTestExecutionListener, org.springframework.test.context.web.ServletTestExecutionListener, org.springframework.test.context.support.DirtiesContextBeforeModesTestExecutionListener, org.springframework.test.context.support.DependencyInjectionTestExecutionListener, org.springframework.test.context.support.DirtiesContextTestExecutionListener, org.springframework.test.context.transaction.TransactionalTestExecutionListener, org.springframework.test.context.jdbc.SqlScriptsTestExecutionListener, org.springframework.test.context.event.EventPublishingTestExecutionListener]
2021-05-19 16:23:30.330  INFO 526575 --- [    Test worker] .b.t.c.SpringBootTestContextBootstrapper : Using TestExecutionListeners: [org.springframework.test.context.web.ServletTestExecutionListener@6688b8d8, org.springframework.test.context.support.DirtiesContextBeforeModesTestExecutionListener@19e9f3, org.springframework.boot.test.mock.mockito.MockitoTestExecutionListener@e85f39c, org.springframework.boot.test.autoconfigure.SpringBootDependencyInjectionTestExecutionListener@59f04f22, org.springframework.test.context.support.DirtiesContextTestExecutionListener@7a9d72bc, org.springframework.test.context.event.EventPublishingTestExecutionListener@35045a6d, org.springframework.boot.test.autoconfigure.restdocs.RestDocsTestExecutionListener@14bc4642, org.springframework.boot.test.autoconfigure.web.client.MockRestServiceServerResetTestExecutionListener@4fee92a8, org.springframework.boot.test.autoconfigure.web.servlet.MockMvcPrintOnlyOnFailureTestExecutionListener@5e77117b, org.springframework.boot.test.autoconfigure.web.servlet.WebDriverTestExecutionListener@4937ffea, org.springframework.boot.test.autoconfigure.webservices.client.MockWebServiceServerTestExecutionListener@3f4f3ed8, org.springframework.boot.test.mock.mockito.ResetMocksTestExecutionListener@48f904b]
]]></system-out>
  <system-err><![CDATA[]]></system-err>
</testsuite>
