<?xml version="1.0" encoding="UTF-8"?>
<testsuite name="test.pivotal.pal.tracker.WelcomeControllerTest" tests="1" skipped="0" failures="0" errors="0" timestamp="2021-05-18T18:18:37" hostname="ip-172-31-90-195" time="0.066">
  <properties/>
  <testcase name="itSaysHello()" classname="test.pivotal.pal.tracker.WelcomeControllerTest" time="0.066"/>
  <system-out><![CDATA[]]></system-out>
  <system-err><![CDATA[]]></system-err>
</testsuite>
